101.12.20 13:50 B X:\Shared\Web Pages\Transit\_derived\advisory.htm_cmp_blends010_bnr.gif --> ftp.web-ster.com /ci.canby.or.us/Transit/_derived advisory.htm_cmp_blends010_bnr.gif
101.12.20 13:50 B X:\Shared\Web Pages\Transit\_derived\advisory.htm_cmp_blends110_bnr.gif --> ftp.web-ster.com /ci.canby.or.us/Transit/_derived advisory.htm_cmp_blends110_bnr.gif
101.12.20 13:50 B X:\Shared\Web Pages\Transit\_derived\advisory.htm_cmp_blends110_hbtn.gif --> ftp.web-ster.com /ci.canby.or.us/Transit/_derived advisory.htm_cmp_blends110_hbtn.gif
101.12.20 13:50 B X:\Shared\Web Pages\Transit\_derived\advisory.htm_cmp_blends110_hbtn_a.gif --> ftp.web-ster.com /ci.canby.or.us/Transit/_derived advisory.htm_cmp_blends110_hbtn_a.gif
101.12.20 13:50 B X:\Shared\Web Pages\Transit\_derived\Advisory_cmp_blends110_hbtn.gif --> ftp.web-ster.com /ci.canby.or.us/Transit/_derived Advisory_cmp_blends110_hbtn.gif
101.12.20 13:50 B X:\Shared\Web Pages\Transit\_derived\Advisory_cmp_blends110_hbtn_a.gif --> ftp.web-ster.com /ci.canby.or.us/Transit/_derived Advisory_cmp_blends110_hbtn_a.gif
101.12.20 13:50 B X:\Shared\Web Pages\Transit\_derived\CAT-Home page.htm_cmp_blends010_bnr.gif --> ftp.web-ster.com /ci.canby.or.us/Transit/_derived CAT-Home page.htm_cmp_blends010_bnr.gif
101.12.20 13:50 B X:\Shared\Web Pages\Transit\_derived\CAT-Home page.htm_cmp_blends010_hbtn.gif --> ftp.web-ster.com /ci.canby.or.us/Transit/_derived CAT-Home page.htm_cmp_blends010_hbtn.gif
101.12.20 13:50 B X:\Shared\Web Pages\Transit\_derived\CAT-Home page.htm_cmp_blends010_hbtn_a.gif --> ftp.web-ster.com /ci.canby.or.us/Transit/_derived CAT-Home page.htm_cmp_blends010_hbtn_a.gif
101.12.20 13:50 B X:\Shared\Web Pages\Transit\_derived\CAT-Home page.htm_cmp_blends110_bnr.gif --> ftp.web-ster.com /ci.canby.or.us/Transit/_derived CAT-Home page.htm_cmp_blends110_bnr.gif
101.12.20 13:50 B X:\Shared\Web Pages\Transit\_derived\FAQ.htm_cmp_blends010_bnr.gif --> ftp.web-ster.com /ci.canby.or.us/Transit/_derived FAQ.htm_cmp_blends010_bnr.gif
101.12.20 13:51 B X:\Shared\Web Pages\Transit\_derived\FAQ.htm_cmp_blends010_hbtn.gif --> ftp.web-ster.com /ci.canby.or.us/Transit/_derived FAQ.htm_cmp_blends010_hbtn.gif
101.12.20 13:51 B X:\Shared\Web Pages\Transit\_derived\FAQ.htm_cmp_blends010_hbtn_a.gif --> ftp.web-ster.com /ci.canby.or.us/Transit/_derived FAQ.htm_cmp_blends010_hbtn_a.gif
101.12.20 13:51 B X:\Shared\Web Pages\Transit\_derived\FAQ.htm_cmp_blends110_bnr.gif --> ftp.web-ster.com /ci.canby.or.us/Transit/_derived FAQ.htm_cmp_blends110_bnr.gif
101.12.20 13:51 B X:\Shared\Web Pages\Transit\_derived\FAQ.htm_cmp_blends110_hbtn.gif --> ftp.web-ster.com /ci.canby.or.us/Transit/_derived FAQ.htm_cmp_blends110_hbtn.gif
101.12.20 13:51 B X:\Shared\Web Pages\Transit\_derived\FAQ.htm_cmp_blends110_hbtn_a.gif --> ftp.web-ster.com /ci.canby.or.us/Transit/_derived FAQ.htm_cmp_blends110_hbtn_a.gif
101.12.20 13:51 B X:\Shared\Web Pages\Transit\_derived\help.htm_cmp_blends010_bnr.gif --> ftp.web-ster.com /ci.canby.or.us/Transit/_derived help.htm_cmp_blends010_bnr.gif
101.12.20 13:51 B X:\Shared\Web Pages\Transit\_derived\help.htm_cmp_blends010_hbtn.gif --> ftp.web-ster.com /ci.canby.or.us/Transit/_derived help.htm_cmp_blends010_hbtn.gif
101.12.20 13:51 B X:\Shared\Web Pages\Transit\_derived\help.htm_cmp_blends010_hbtn_a.gif --> ftp.web-ster.com /ci.canby.or.us/Transit/_derived help.htm_cmp_blends010_hbtn_a.gif
101.12.20 13:51 B X:\Shared\Web Pages\Transit\_derived\help.htm_cmp_blends110_hbtn.gif --> ftp.web-ster.com /ci.canby.or.us/Transit/_derived help.htm_cmp_blends110_hbtn.gif
101.12.20 13:51 B X:\Shared\Web Pages\Transit\_derived\help.htm_cmp_blends110_hbtn_a.gif --> ftp.web-ster.com /ci.canby.or.us/Transit/_derived help.htm_cmp_blends110_hbtn_a.gif
101.12.20 13:51 B X:\Shared\Web Pages\Transit\_derived\Tax.htm_cmp_blends010_bnr.gif --> ftp.web-ster.com /ci.canby.or.us/Transit/_derived Tax.htm_cmp_blends010_bnr.gif
101.12.20 13:51 B X:\Shared\Web Pages\Transit\_derived\Tax.htm_cmp_blends010_hbtn.gif --> ftp.web-ster.com /ci.canby.or.us/Transit/_derived Tax.htm_cmp_blends010_hbtn.gif
101.12.20 13:51 B X:\Shared\Web Pages\Transit\_derived\Tax.htm_cmp_blends010_hbtn_a.gif --> ftp.web-ster.com /ci.canby.or.us/Transit/_derived Tax.htm_cmp_blends010_hbtn_a.gif
101.12.20 13:51 B X:\Shared\Web Pages\Transit\_derived\Tax.htm_cmp_blends110_bnr.gif --> ftp.web-ster.com /ci.canby.or.us/Transit/_derived Tax.htm_cmp_blends110_bnr.gif
101.12.20 13:51 B X:\Shared\Web Pages\Transit\_derived\Tax.htm_cmp_blends110_hbtn.gif --> ftp.web-ster.com /ci.canby.or.us/Transit/_derived Tax.htm_cmp_blends110_hbtn.gif
101.12.20 13:51 B X:\Shared\Web Pages\Transit\_derived\Tax.htm_cmp_blends110_hbtn_a.gif --> ftp.web-ster.com /ci.canby.or.us/Transit/_derived Tax.htm_cmp_blends110_hbtn_a.gif
101.12.20 15:40 B X:\Shared\Web Pages\Transit web site\_derived\advisory.htm_cmp_blends010_bnr.gif --> ftp.web-ster.com /ci.canby.or.us/Transit web site/_derived advisory.htm_cmp_blends010_bnr.gif
101.12.20 15:40 B X:\Shared\Web Pages\Transit web site\_derived\advisory.htm_cmp_blends110_bnr.gif --> ftp.web-ster.com /ci.canby.or.us/Transit web site/_derived advisory.htm_cmp_blends110_bnr.gif
101.12.20 15:40 B X:\Shared\Web Pages\Transit web site\_derived\advisory.htm_cmp_blends110_hbtn.gif --> ftp.web-ster.com /ci.canby.or.us/Transit web site/_derived advisory.htm_cmp_blends110_hbtn.gif
101.12.20 15:40 B X:\Shared\Web Pages\Transit web site\_derived\advisory.htm_cmp_blends110_hbtn_a.gif --> ftp.web-ster.com /ci.canby.or.us/Transit web site/_derived advisory.htm_cmp_blends110_hbtn_a.gif
101.12.20 15:40 B X:\Shared\Web Pages\Transit web site\_derived\Advisory_cmp_blends110_hbtn.gif --> ftp.web-ster.com /ci.canby.or.us/Transit web site/_derived Advisory_cmp_blends110_hbtn.gif
101.12.20 15:40 B X:\Shared\Web Pages\Transit web site\_derived\Advisory_cmp_blends110_hbtn_a.gif --> ftp.web-ster.com /ci.canby.or.us/Transit web site/_derived Advisory_cmp_blends110_hbtn_a.gif
101.12.20 15:40 B X:\Shared\Web Pages\Transit web site\_derived\CAT-Home page.htm_cmp_blends010_bnr.gif --> ftp.web-ster.com /ci.canby.or.us/Transit web site/_derived CAT-Home page.htm_cmp_blends010_bnr.gif
101.12.20 15:40 B X:\Shared\Web Pages\Transit web site\_derived\CAT-Home page.htm_cmp_blends010_hbtn.gif --> ftp.web-ster.com /ci.canby.or.us/Transit web site/_derived CAT-Home page.htm_cmp_blends010_hbtn.gif
101.12.20 15:40 B X:\Shared\Web Pages\Transit web site\_derived\CAT-Home page.htm_cmp_blends010_hbtn_a.gif --> ftp.web-ster.com /ci.canby.or.us/Transit web site/_derived CAT-Home page.htm_cmp_blends010_hbtn_a.gif
101.12.20 15:40 B X:\Shared\Web Pages\Transit web site\_derived\CAT-Home page.htm_cmp_blends110_bnr.gif --> ftp.web-ster.com /ci.canby.or.us/Transit web site/_derived CAT-Home page.htm_cmp_blends110_bnr.gif
101.12.20 15:40 B X:\Shared\Web Pages\Transit web site\_derived\FAQ.htm_cmp_blends010_bnr.gif --> ftp.web-ster.com /ci.canby.or.us/Transit web site/_derived FAQ.htm_cmp_blends010_bnr.gif
101.12.20 15:40 B X:\Shared\Web Pages\Transit web site\_derived\FAQ.htm_cmp_blends010_hbtn.gif --> ftp.web-ster.com /ci.canby.or.us/Transit web site/_derived FAQ.htm_cmp_blends010_hbtn.gif
101.12.20 15:40 B X:\Shared\Web Pages\Transit web site\_derived\FAQ.htm_cmp_blends010_hbtn_a.gif --> ftp.web-ster.com /ci.canby.or.us/Transit web site/_derived FAQ.htm_cmp_blends010_hbtn_a.gif
101.12.20 15:40 B X:\Shared\Web Pages\Transit web site\_derived\FAQ.htm_cmp_blends110_bnr.gif --> ftp.web-ster.com /ci.canby.or.us/Transit web site/_derived FAQ.htm_cmp_blends110_bnr.gif
101.12.20 15:40 B X:\Shared\Web Pages\Transit web site\_derived\FAQ.htm_cmp_blends110_hbtn.gif --> ftp.web-ster.com /ci.canby.or.us/Transit web site/_derived FAQ.htm_cmp_blends110_hbtn.gif
101.12.20 15:40 B X:\Shared\Web Pages\Transit web site\_derived\FAQ.htm_cmp_blends110_hbtn_a.gif --> ftp.web-ster.com /ci.canby.or.us/Transit web site/_derived FAQ.htm_cmp_blends110_hbtn_a.gif
101.12.20 15:40 B X:\Shared\Web Pages\Transit web site\_derived\help.htm_cmp_blends010_bnr.gif --> ftp.web-ster.com /ci.canby.or.us/Transit web site/_derived help.htm_cmp_blends010_bnr.gif
101.12.20 15:40 B X:\Shared\Web Pages\Transit web site\_derived\help.htm_cmp_blends010_hbtn.gif --> ftp.web-ster.com /ci.canby.or.us/Transit web site/_derived help.htm_cmp_blends010_hbtn.gif
101.12.20 15:40 B X:\Shared\Web Pages\Transit web site\_derived\help.htm_cmp_blends010_hbtn_a.gif --> ftp.web-ster.com /ci.canby.or.us/Transit web site/_derived help.htm_cmp_blends010_hbtn_a.gif
101.12.20 15:40 B X:\Shared\Web Pages\Transit web site\_derived\help.htm_cmp_blends110_hbtn.gif --> ftp.web-ster.com /ci.canby.or.us/Transit web site/_derived help.htm_cmp_blends110_hbtn.gif
101.12.20 15:40 B X:\Shared\Web Pages\Transit web site\_derived\help.htm_cmp_blends110_hbtn_a.gif --> ftp.web-ster.com /ci.canby.or.us/Transit web site/_derived help.htm_cmp_blends110_hbtn_a.gif
101.12.20 15:40 B X:\Shared\Web Pages\Transit web site\_derived\Tax.htm_cmp_blends010_bnr.gif --> ftp.web-ster.com /ci.canby.or.us/Transit web site/_derived Tax.htm_cmp_blends010_bnr.gif
101.12.20 15:40 B X:\Shared\Web Pages\Transit web site\_derived\Tax.htm_cmp_blends010_hbtn.gif --> ftp.web-ster.com /ci.canby.or.us/Transit web site/_derived Tax.htm_cmp_blends010_hbtn.gif
101.12.20 15:40 B X:\Shared\Web Pages\Transit web site\_derived\Tax.htm_cmp_blends010_hbtn_a.gif --> ftp.web-ster.com /ci.canby.or.us/Transit web site/_derived Tax.htm_cmp_blends010_hbtn_a.gif
101.12.20 15:40 B X:\Shared\Web Pages\Transit web site\_derived\Tax.htm_cmp_blends110_bnr.gif --> ftp.web-ster.com /ci.canby.or.us/Transit web site/_derived Tax.htm_cmp_blends110_bnr.gif
101.12.20 15:40 B X:\Shared\Web Pages\Transit web site\_derived\Tax.htm_cmp_blends110_hbtn.gif --> ftp.web-ster.com /ci.canby.or.us/Transit web site/_derived Tax.htm_cmp_blends110_hbtn.gif
101.12.20 15:40 B X:\Shared\Web Pages\Transit web site\_derived\Tax.htm_cmp_blends110_hbtn_a.gif --> ftp.web-ster.com /ci.canby.or.us/Transit web site/_derived Tax.htm_cmp_blends110_hbtn_a.gif
101.12.20 15:40 B X:\Shared\Web Pages\Transit web site\_derived\WS_FTP.LOG --> ftp.web-ster.com /ci.canby.or.us/Transit web site/_derived WS_FTP.LOG
102.01.02 16:18 B X:\Shared\Web Pages\Transit web site\_derived\advisory.htm_cmp_blends010_bnr.gif --> ftp.web-ster.com /ci.canby.or.us/Transit web site/_derived advisory.htm_cmp_blends010_bnr.gif
102.01.02 16:18 B X:\Shared\Web Pages\Transit web site\_derived\advisory.htm_cmp_blends110_bnr.gif --> ftp.web-ster.com /ci.canby.or.us/Transit web site/_derived advisory.htm_cmp_blends110_bnr.gif
102.01.02 16:18 B X:\Shared\Web Pages\Transit web site\_derived\advisory.htm_cmp_blends110_hbtn.gif --> ftp.web-ster.com /ci.canby.or.us/Transit web site/_derived advisory.htm_cmp_blends110_hbtn.gif
102.01.02 16:18 B X:\Shared\Web Pages\Transit web site\_derived\advisory.htm_cmp_blends110_hbtn_a.gif --> ftp.web-ster.com /ci.canby.or.us/Transit web site/_derived advisory.htm_cmp_blends110_hbtn_a.gif
102.01.02 16:18 B X:\Shared\Web Pages\Transit web site\_derived\advisory.htm_cmp_blends110_hbtn_p.gif --> ftp.web-ster.com /ci.canby.or.us/Transit web site/_derived advisory.htm_cmp_blends110_hbtn_p.gif
102.01.02 16:18 B X:\Shared\Web Pages\Transit web site\_derived\advisory.htm_cmp_blends110_vbtn.gif --> ftp.web-ster.com /ci.canby.or.us/Transit web site/_derived advisory.htm_cmp_blends110_vbtn.gif
102.01.02 16:18 B X:\Shared\Web Pages\Transit web site\_derived\advisory.htm_cmp_blends110_vbtn_a.gif --> ftp.web-ster.com /ci.canby.or.us/Transit web site/_derived advisory.htm_cmp_blends110_vbtn_a.gif
102.01.02 16:18 B X:\Shared\Web Pages\Transit web site\_derived\advisory.htm_cmp_blends110_vbtn_p.gif --> ftp.web-ster.com /ci.canby.or.us/Transit web site/_derived advisory.htm_cmp_blends110_vbtn_p.gif
102.01.02 16:18 B X:\Shared\Web Pages\Transit web site\_derived\advisory.htm_cmp_copy-of-blends-vivid010_bnr.gif --> ftp.web-ster.com /ci.canby.or.us/Transit web site/_derived advisory.htm_cmp_copy-of-blends-vivid010_bnr.gif
102.01.02 16:18 B X:\Shared\Web Pages\Transit web site\_derived\advisory.htm_cmp_copy-of-blends-vivid010_hbtn.gif --> ftp.web-ster.com /ci.canby.or.us/Transit web site/_derived advisory.htm_cmp_copy-of-blends-vivid010_hbtn.gif
102.01.02 16:18 B X:\Shared\Web Pages\Transit web site\_derived\advisory.htm_cmp_copy-of-blends-vivid010_hbtn_a.gif --> ftp.web-ster.com /ci.canby.or.us/Transit web site/_derived advisory.htm_cmp_copy-of-blends-vivid010_hbtn_a.gif
102.01.02 16:18 B X:\Shared\Web Pages\Transit web site\_derived\advisory.htm_cmp_copy-of-blends-vivid010_hbtn_p.gif --> ftp.web-ster.com /ci.canby.or.us/Transit web site/_derived advisory.htm_cmp_copy-of-blends-vivid010_hbtn_p.gif
102.01.02 16:18 B X:\Shared\Web Pages\Transit web site\_derived\advisory.htm_cmp_copy-of-blends-vivid110_hbtn.gif --> ftp.web-ster.com /ci.canby.or.us/Transit web site/_derived advisory.htm_cmp_copy-of-blends-vivid110_hbtn.gif
102.01.02 16:18 B X:\Shared\Web Pages\Transit web site\_derived\advisory.htm_cmp_copy-of-blends-vivid110_hbtn_a.gif --> ftp.web-ster.com /ci.canby.or.us/Transit web site/_derived advisory.htm_cmp_copy-of-blends-vivid110_hbtn_a.gif
102.01.02 16:18 B X:\Shared\Web Pages\Transit web site\_derived\Advisory_cmp_blends110_hbtn.gif --> ftp.web-ster.com /ci.canby.or.us/Transit web site/_derived Advisory_cmp_blends110_hbtn.gif
102.01.02 16:18 B X:\Shared\Web Pages\Transit web site\_derived\Advisory_cmp_blends110_hbtn_a.gif --> ftp.web-ster.com /ci.canby.or.us/Transit web site/_derived Advisory_cmp_blends110_hbtn_a.gif
102.01.02 16:18 B X:\Shared\Web Pages\Transit web site\_derived\Employment.htm_cmp_blends110_bnr.gif --> ftp.web-ster.com /ci.canby.or.us/Transit web site/_derived Employment.htm_cmp_blends110_bnr.gif
102.01.02 16:18 B X:\Shared\Web Pages\Transit web site\_derived\Employment.htm_cmp_blends110_hbtn.gif --> ftp.web-ster.com /ci.canby.or.us/Transit web site/_derived Employment.htm_cmp_blends110_hbtn.gif
102.01.02 16:18 B X:\Shared\Web Pages\Transit web site\_derived\Employment.htm_cmp_blends110_hbtn_a.gif --> ftp.web-ster.com /ci.canby.or.us/Transit web site/_derived Employment.htm_cmp_blends110_hbtn_a.gif
102.01.02 16:18 B X:\Shared\Web Pages\Transit web site\_derived\Employment.htm_cmp_blends110_hbtn_p.gif --> ftp.web-ster.com /ci.canby.or.us/Transit web site/_derived Employment.htm_cmp_blends110_hbtn_p.gif
102.01.02 16:18 B X:\Shared\Web Pages\Transit web site\_derived\Employment.htm_cmp_blends110_vbtn.gif --> ftp.web-ster.com /ci.canby.or.us/Transit web site/_derived Employment.htm_cmp_blends110_vbtn.gif
102.01.02 16:18 B X:\Shared\Web Pages\Transit web site\_derived\Employment.htm_cmp_blends110_vbtn_a.gif --> ftp.web-ster.com /ci.canby.or.us/Transit web site/_derived Employment.htm_cmp_blends110_vbtn_a.gif
102.01.02 16:18 B X:\Shared\Web Pages\Transit web site\_derived\Employment.htm_cmp_blends110_vbtn_p.gif --> ftp.web-ster.com /ci.canby.or.us/Transit web site/_derived Employment.htm_cmp_blends110_vbtn_p.gif
102.01.02 16:18 B X:\Shared\Web Pages\Transit web site\_derived\Employment.htm_cmp_copy-of-blends-vivid010_bnr.gif --> ftp.web-ster.com /ci.canby.or.us/Transit web site/_derived Employment.htm_cmp_copy-of-blends-vivid010_bnr.gif
102.01.02 16:18 B X:\Shared\Web Pages\Transit web site\_derived\Employment.htm_cmp_copy-of-blends-vivid010_hbtn.gif --> ftp.web-ster.com /ci.canby.or.us/Transit web site/_derived Employment.htm_cmp_copy-of-blends-vivid010_hbtn.gif
102.01.02 16:18 B X:\Shared\Web Pages\Transit web site\_derived\Employment.htm_cmp_copy-of-blends-vivid010_hbtn_a.gif --> ftp.web-ster.com /ci.canby.or.us/Transit web site/_derived Employment.htm_cmp_copy-of-blends-vivid010_hbtn_a.gif
102.01.02 16:18 B X:\Shared\Web Pages\Transit web site\_derived\Employment.htm_cmp_copy-of-blends-vivid010_hbtn_p.gif --> ftp.web-ster.com /ci.canby.or.us/Transit web site/_derived Employment.htm_cmp_copy-of-blends-vivid010_hbtn_p.gif
102.01.02 16:18 B X:\Shared\Web Pages\Transit web site\_derived\Employment.htm_cmp_copy-of-blends-vivid110_hbtn.gif --> ftp.web-ster.com /ci.canby.or.us/Transit web site/_derived Employment.htm_cmp_copy-of-blends-vivid110_hbtn.gif
102.01.02 16:18 B X:\Shared\Web Pages\Transit web site\_derived\Employment.htm_cmp_copy-of-blends-vivid110_hbtn_a.gif --> ftp.web-ster.com /ci.canby.or.us/Transit web site/_derived Employment.htm_cmp_copy-of-blends-vivid110_hbtn_a.gif
102.01.02 16:18 B X:\Shared\Web Pages\Transit web site\_derived\FAQ.htm_cmp_blends010_bnr.gif --> ftp.web-ster.com /ci.canby.or.us/Transit web site/_derived FAQ.htm_cmp_blends010_bnr.gif
102.01.02 16:18 B X:\Shared\Web Pages\Transit web site\_derived\FAQ.htm_cmp_blends010_hbtn.gif --> ftp.web-ster.com /ci.canby.or.us/Transit web site/_derived FAQ.htm_cmp_blends010_hbtn.gif
102.01.02 16:18 B X:\Shared\Web Pages\Transit web site\_derived\FAQ.htm_cmp_blends010_hbtn_a.gif --> ftp.web-ster.com /ci.canby.or.us/Transit web site/_derived FAQ.htm_cmp_blends010_hbtn_a.gif
102.01.02 16:19 B X:\Shared\Web Pages\Transit web site\_derived\FAQ.htm_cmp_blends110_bnr.gif --> ftp.web-ster.com /ci.canby.or.us/Transit web site/_derived FAQ.htm_cmp_blends110_bnr.gif
102.01.02 16:19 B X:\Shared\Web Pages\Transit web site\_derived\FAQ.htm_cmp_blends110_hbtn.gif --> ftp.web-ster.com /ci.canby.or.us/Transit web site/_derived FAQ.htm_cmp_blends110_hbtn.gif
102.01.02 16:19 B X:\Shared\Web Pages\Transit web site\_derived\FAQ.htm_cmp_blends110_hbtn_a.gif --> ftp.web-ster.com /ci.canby.or.us/Transit web site/_derived FAQ.htm_cmp_blends110_hbtn_a.gif
102.01.02 16:19 B X:\Shared\Web Pages\Transit web site\_derived\FAQ.htm_cmp_blends110_hbtn_p.gif --> ftp.web-ster.com /ci.canby.or.us/Transit web site/_derived FAQ.htm_cmp_blends110_hbtn_p.gif
102.01.02 16:19 B X:\Shared\Web Pages\Transit web site\_derived\FAQ.htm_cmp_blends110_vbtn.gif --> ftp.web-ster.com /ci.canby.or.us/Transit web site/_derived FAQ.htm_cmp_blends110_vbtn.gif
102.01.02 16:19 B X:\Shared\Web Pages\Transit web site\_derived\FAQ.htm_cmp_blends110_vbtn_a.gif --> ftp.web-ster.com /ci.canby.or.us/Transit web site/_derived FAQ.htm_cmp_blends110_vbtn_a.gif
102.01.02 16:19 B X:\Shared\Web Pages\Transit web site\_derived\FAQ.htm_cmp_blends110_vbtn_p.gif --> ftp.web-ster.com /ci.canby.or.us/Transit web site/_derived FAQ.htm_cmp_blends110_vbtn_p.gif
102.01.02 16:19 B X:\Shared\Web Pages\Transit web site\_derived\FAQ.htm_cmp_copy-of-blends-vivid010_bnr.gif --> ftp.web-ster.com /ci.canby.or.us/Transit web site/_derived FAQ.htm_cmp_copy-of-blends-vivid010_bnr.gif
102.01.02 16:19 B X:\Shared\Web Pages\Transit web site\_derived\FAQ.htm_cmp_copy-of-blends-vivid010_hbtn.gif --> ftp.web-ster.com /ci.canby.or.us/Transit web site/_derived FAQ.htm_cmp_copy-of-blends-vivid010_hbtn.gif
102.01.02 16:19 B X:\Shared\Web Pages\Transit web site\_derived\FAQ.htm_cmp_copy-of-blends-vivid010_hbtn_a.gif --> ftp.web-ster.com /ci.canby.or.us/Transit web site/_derived FAQ.htm_cmp_copy-of-blends-vivid010_hbtn_a.gif
102.01.02 16:19 B X:\Shared\Web Pages\Transit web site\_derived\FAQ.htm_cmp_copy-of-blends-vivid010_hbtn_p.gif --> ftp.web-ster.com /ci.canby.or.us/Transit web site/_derived FAQ.htm_cmp_copy-of-blends-vivid010_hbtn_p.gif
102.01.02 16:19 B X:\Shared\Web Pages\Transit web site\_derived\FAQ.htm_cmp_copy-of-blends-vivid110_hbtn.gif --> ftp.web-ster.com /ci.canby.or.us/Transit web site/_derived FAQ.htm_cmp_copy-of-blends-vivid110_hbtn.gif
102.01.02 16:19 B X:\Shared\Web Pages\Transit web site\_derived\FAQ.htm_cmp_copy-of-blends-vivid110_hbtn_a.gif --> ftp.web-ster.com /ci.canby.or.us/Transit web site/_derived FAQ.htm_cmp_copy-of-blends-vivid110_hbtn_a.gif
102.01.02 16:19 B X:\Shared\Web Pages\Transit web site\_derived\help.htm_cmp_blends010_bnr.gif --> ftp.web-ster.com /ci.canby.or.us/Transit web site/_derived help.htm_cmp_blends010_bnr.gif
102.01.02 16:19 B X:\Shared\Web Pages\Transit web site\_derived\help.htm_cmp_blends010_hbtn.gif --> ftp.web-ster.com /ci.canby.or.us/Transit web site/_derived help.htm_cmp_blends010_hbtn.gif
102.01.02 16:19 B X:\Shared\Web Pages\Transit web site\_derived\help.htm_cmp_blends010_hbtn_a.gif --> ftp.web-ster.com /ci.canby.or.us/Transit web site/_derived help.htm_cmp_blends010_hbtn_a.gif
102.01.02 16:19 B X:\Shared\Web Pages\Transit web site\_derived\help.htm_cmp_blends110_hbtn.gif --> ftp.web-ster.com /ci.canby.or.us/Transit web site/_derived help.htm_cmp_blends110_hbtn.gif
102.01.02 16:19 B X:\Shared\Web Pages\Transit web site\_derived\help.htm_cmp_blends110_hbtn_a.gif --> ftp.web-ster.com /ci.canby.or.us/Transit web site/_derived help.htm_cmp_blends110_hbtn_a.gif
102.01.02 16:19 B X:\Shared\Web Pages\Transit web site\_derived\Home page.htm_cmp_blends010_bnr.gif --> ftp.web-ster.com /ci.canby.or.us/Transit web site/_derived Home page.htm_cmp_blends010_bnr.gif
102.01.02 16:19 B X:\Shared\Web Pages\Transit web site\_derived\Home page.htm_cmp_blends010_hbtn.gif --> ftp.web-ster.com /ci.canby.or.us/Transit web site/_derived Home page.htm_cmp_blends010_hbtn.gif
102.01.02 16:19 B X:\Shared\Web Pages\Transit web site\_derived\Home page.htm_cmp_blends010_hbtn_a.gif --> ftp.web-ster.com /ci.canby.or.us/Transit web site/_derived Home page.htm_cmp_blends010_hbtn_a.gif
102.01.02 16:19 B X:\Shared\Web Pages\Transit web site\_derived\Home page.htm_cmp_blends110_bnr.gif --> ftp.web-ster.com /ci.canby.or.us/Transit web site/_derived Home page.htm_cmp_blends110_bnr.gif
102.01.02 16:19 B X:\Shared\Web Pages\Transit web site\_derived\Home page.htm_cmp_blends110_vbtn.gif --> ftp.web-ster.com /ci.canby.or.us/Transit web site/_derived Home page.htm_cmp_blends110_vbtn.gif
102.01.02 16:19 B X:\Shared\Web Pages\Transit web site\_derived\Home page.htm_cmp_blends110_vbtn_a.gif --> ftp.web-ster.com /ci.canby.or.us/Transit web site/_derived Home page.htm_cmp_blends110_vbtn_a.gif
102.01.02 16:19 B X:\Shared\Web Pages\Transit web site\_derived\Home page.htm_cmp_copy-of-blends-vivid110_bnr.gif --> ftp.web-ster.com /ci.canby.or.us/Transit web site/_derived Home page.htm_cmp_copy-of-blends-vivid110_bnr.gif
102.01.02 16:19 B X:\Shared\Web Pages\Transit web site\_derived\routes.htm_cmp_blends110_bnr.gif --> ftp.web-ster.com /ci.canby.or.us/Transit web site/_derived routes.htm_cmp_blends110_bnr.gif
102.01.02 16:19 B X:\Shared\Web Pages\Transit web site\_derived\routes.htm_cmp_blends110_hbtn.gif --> ftp.web-ster.com /ci.canby.or.us/Transit web site/_derived routes.htm_cmp_blends110_hbtn.gif
102.01.02 16:19 B X:\Shared\Web Pages\Transit web site\_derived\routes.htm_cmp_blends110_hbtn_a.gif --> ftp.web-ster.com /ci.canby.or.us/Transit web site/_derived routes.htm_cmp_blends110_hbtn_a.gif
102.01.02 16:19 B X:\Shared\Web Pages\Transit web site\_derived\routes.htm_cmp_blends110_hbtn_p.gif --> ftp.web-ster.com /ci.canby.or.us/Transit web site/_derived routes.htm_cmp_blends110_hbtn_p.gif
102.01.02 16:19 B X:\Shared\Web Pages\Transit web site\_derived\routes.htm_cmp_blends110_vbtn.gif --> ftp.web-ster.com /ci.canby.or.us/Transit web site/_derived routes.htm_cmp_blends110_vbtn.gif
102.01.02 16:19 B X:\Shared\Web Pages\Transit web site\_derived\routes.htm_cmp_blends110_vbtn_a.gif --> ftp.web-ster.com /ci.canby.or.us/Transit web site/_derived routes.htm_cmp_blends110_vbtn_a.gif
102.01.02 16:19 B X:\Shared\Web Pages\Transit web site\_derived\routes.htm_cmp_blends110_vbtn_p.gif --> ftp.web-ster.com /ci.canby.or.us/Transit web site/_derived routes.htm_cmp_blends110_vbtn_p.gif
102.01.02 16:19 B X:\Shared\Web Pages\Transit web site\_derived\routes.htm_cmp_copy-of-blends-vivid010_bnr.gif --> ftp.web-ster.com /ci.canby.or.us/Transit web site/_derived routes.htm_cmp_copy-of-blends-vivid010_bnr.gif
102.01.02 16:19 B X:\Shared\Web Pages\Transit web site\_derived\routes.htm_cmp_copy-of-blends-vivid010_hbtn.gif --> ftp.web-ster.com /ci.canby.or.us/Transit web site/_derived routes.htm_cmp_copy-of-blends-vivid010_hbtn.gif
102.01.02 16:19 B X:\Shared\Web Pages\Transit web site\_derived\routes.htm_cmp_copy-of-blends-vivid010_hbtn_a.gif --> ftp.web-ster.com /ci.canby.or.us/Transit web site/_derived routes.htm_cmp_copy-of-blends-vivid010_hbtn_a.gif
102.01.02 16:19 B X:\Shared\Web Pages\Transit web site\_derived\routes.htm_cmp_copy-of-blends-vivid010_hbtn_p.gif --> ftp.web-ster.com /ci.canby.or.us/Transit web site/_derived routes.htm_cmp_copy-of-blends-vivid010_hbtn_p.gif
102.01.02 16:19 B X:\Shared\Web Pages\Transit web site\_derived\routes.htm_cmp_copy-of-blends-vivid110_hbtn.gif --> ftp.web-ster.com /ci.canby.or.us/Transit web site/_derived routes.htm_cmp_copy-of-blends-vivid110_hbtn.gif
102.01.02 16:19 B X:\Shared\Web Pages\Transit web site\_derived\routes.htm_cmp_copy-of-blends-vivid110_hbtn_a.gif --> ftp.web-ster.com /ci.canby.or.us/Transit web site/_derived routes.htm_cmp_copy-of-blends-vivid110_hbtn_a.gif
102.01.02 16:19 B X:\Shared\Web Pages\Transit web site\_derived\schedule.htm_cmp_blends110_bnr.gif --> ftp.web-ster.com /ci.canby.or.us/Transit web site/_derived schedule.htm_cmp_blends110_bnr.gif
102.01.02 16:19 B X:\Shared\Web Pages\Transit web site\_derived\schedule.htm_cmp_blends110_hbtn.gif --> ftp.web-ster.com /ci.canby.or.us/Transit web site/_derived schedule.htm_cmp_blends110_hbtn.gif
102.01.02 16:19 B X:\Shared\Web Pages\Transit web site\_derived\schedule.htm_cmp_blends110_hbtn_a.gif --> ftp.web-ster.com /ci.canby.or.us/Transit web site/_derived schedule.htm_cmp_blends110_hbtn_a.gif
102.01.02 16:19 B X:\Shared\Web Pages\Transit web site\_derived\schedule.htm_cmp_blends110_hbtn_p.gif --> ftp.web-ster.com /ci.canby.or.us/Transit web site/_derived schedule.htm_cmp_blends110_hbtn_p.gif
102.01.02 16:19 B X:\Shared\Web Pages\Transit web site\_derived\schedule.htm_cmp_blends110_vbtn.gif --> ftp.web-ster.com /ci.canby.or.us/Transit web site/_derived schedule.htm_cmp_blends110_vbtn.gif
102.01.02 16:19 B X:\Shared\Web Pages\Transit web site\_derived\schedule.htm_cmp_blends110_vbtn_a.gif --> ftp.web-ster.com /ci.canby.or.us/Transit web site/_derived schedule.htm_cmp_blends110_vbtn_a.gif
102.01.02 16:19 B X:\Shared\Web Pages\Transit web site\_derived\schedule.htm_cmp_blends110_vbtn_p.gif --> ftp.web-ster.com /ci.canby.or.us/Transit web site/_derived schedule.htm_cmp_blends110_vbtn_p.gif
102.01.02 16:19 B X:\Shared\Web Pages\Transit web site\_derived\schedule.htm_cmp_copy-of-blends-vivid010_bnr.gif --> ftp.web-ster.com /ci.canby.or.us/Transit web site/_derived schedule.htm_cmp_copy-of-blends-vivid010_bnr.gif
102.01.02 16:19 B X:\Shared\Web Pages\Transit web site\_derived\schedule.htm_cmp_copy-of-blends-vivid010_hbtn.gif --> ftp.web-ster.com /ci.canby.or.us/Transit web site/_derived schedule.htm_cmp_copy-of-blends-vivid010_hbtn.gif
102.01.02 16:19 B X:\Shared\Web Pages\Transit web site\_derived\schedule.htm_cmp_copy-of-blends-vivid010_hbtn_a.gif --> ftp.web-ster.com /ci.canby.or.us/Transit web site/_derived schedule.htm_cmp_copy-of-blends-vivid010_hbtn_a.gif
102.01.02 16:19 B X:\Shared\Web Pages\Transit web site\_derived\schedule.htm_cmp_copy-of-blends-vivid010_hbtn_p.gif --> ftp.web-ster.com /ci.canby.or.us/Transit web site/_derived schedule.htm_cmp_copy-of-blends-vivid010_hbtn_p.gif
102.01.02 16:19 B X:\Shared\Web Pages\Transit web site\_derived\schedule.htm_cmp_copy-of-blends-vivid110_hbtn.gif --> ftp.web-ster.com /ci.canby.or.us/Transit web site/_derived schedule.htm_cmp_copy-of-blends-vivid110_hbtn.gif
102.01.02 16:19 B X:\Shared\Web Pages\Transit web site\_derived\schedule.htm_cmp_copy-of-blends-vivid110_hbtn_a.gif --> ftp.web-ster.com /ci.canby.or.us/Transit web site/_derived schedule.htm_cmp_copy-of-blends-vivid110_hbtn_a.gif
102.01.02 16:19 B X:\Shared\Web Pages\Transit web site\_derived\Tax.htm_cmp_blends010_bnr.gif --> ftp.web-ster.com /ci.canby.or.us/Transit web site/_derived Tax.htm_cmp_blends010_bnr.gif
102.01.02 16:19 B X:\Shared\Web Pages\Transit web site\_derived\Tax.htm_cmp_blends010_hbtn.gif --> ftp.web-ster.com /ci.canby.or.us/Transit web site/_derived Tax.htm_cmp_blends010_hbtn.gif
102.01.02 16:19 B X:\Shared\Web Pages\Transit web site\_derived\Tax.htm_cmp_blends010_hbtn_a.gif --> ftp.web-ster.com /ci.canby.or.us/Transit web site/_derived Tax.htm_cmp_blends010_hbtn_a.gif
102.01.02 16:19 B X:\Shared\Web Pages\Transit web site\_derived\Tax.htm_cmp_blends110_bnr.gif --> ftp.web-ster.com /ci.canby.or.us/Transit web site/_derived Tax.htm_cmp_blends110_bnr.gif
102.01.02 16:19 B X:\Shared\Web Pages\Transit web site\_derived\Tax.htm_cmp_blends110_hbtn.gif --> ftp.web-ster.com /ci.canby.or.us/Transit web site/_derived Tax.htm_cmp_blends110_hbtn.gif
102.01.02 16:19 B X:\Shared\Web Pages\Transit web site\_derived\Tax.htm_cmp_blends110_hbtn_a.gif --> ftp.web-ster.com /ci.canby.or.us/Transit web site/_derived Tax.htm_cmp_blends110_hbtn_a.gif
102.01.02 16:19 B X:\Shared\Web Pages\Transit web site\_derived\Tax.htm_cmp_blends110_hbtn_p.gif --> ftp.web-ster.com /ci.canby.or.us/Transit web site/_derived Tax.htm_cmp_blends110_hbtn_p.gif
102.01.02 16:19 B X:\Shared\Web Pages\Transit web site\_derived\Tax.htm_cmp_blends110_vbtn.gif --> ftp.web-ster.com /ci.canby.or.us/Transit web site/_derived Tax.htm_cmp_blends110_vbtn.gif
102.01.02 16:19 B X:\Shared\Web Pages\Transit web site\_derived\Tax.htm_cmp_blends110_vbtn_a.gif --> ftp.web-ster.com /ci.canby.or.us/Transit web site/_derived Tax.htm_cmp_blends110_vbtn_a.gif
102.01.02 16:19 B X:\Shared\Web Pages\Transit web site\_derived\Tax.htm_cmp_blends110_vbtn_p.gif --> ftp.web-ster.com /ci.canby.or.us/Transit web site/_derived Tax.htm_cmp_blends110_vbtn_p.gif
102.01.02 16:19 B X:\Shared\Web Pages\Transit web site\_derived\Tax.htm_cmp_copy-of-blends-vivid010_bnr.gif --> ftp.web-ster.com /ci.canby.or.us/Transit web site/_derived Tax.htm_cmp_copy-of-blends-vivid010_bnr.gif
102.01.02 16:19 B X:\Shared\Web Pages\Transit web site\_derived\Tax.htm_cmp_copy-of-blends-vivid010_hbtn.gif --> ftp.web-ster.com /ci.canby.or.us/Transit web site/_derived Tax.htm_cmp_copy-of-blends-vivid010_hbtn.gif
102.01.02 16:19 B X:\Shared\Web Pages\Transit web site\_derived\Tax.htm_cmp_copy-of-blends-vivid010_hbtn_a.gif --> ftp.web-ster.com /ci.canby.or.us/Transit web site/_derived Tax.htm_cmp_copy-of-blends-vivid010_hbtn_a.gif
102.01.02 16:19 B X:\Shared\Web Pages\Transit web site\_derived\Tax.htm_cmp_copy-of-blends-vivid010_hbtn_p.gif --> ftp.web-ster.com /ci.canby.or.us/Transit web site/_derived Tax.htm_cmp_copy-of-blends-vivid010_hbtn_p.gif
102.01.02 16:19 B X:\Shared\Web Pages\Transit web site\_derived\Tax.htm_cmp_copy-of-blends-vivid110_hbtn.gif --> ftp.web-ster.com /ci.canby.or.us/Transit web site/_derived Tax.htm_cmp_copy-of-blends-vivid110_hbtn.gif
102.01.02 16:19 B X:\Shared\Web Pages\Transit web site\_derived\Tax.htm_cmp_copy-of-blends-vivid110_hbtn_a.gif --> ftp.web-ster.com /ci.canby.or.us/Transit web site/_derived Tax.htm_cmp_copy-of-blends-vivid110_hbtn_a.gif
102.01.02 16:19 B X:\Shared\Web Pages\Transit web site\_derived\up_cmp_blends110_hbtn.gif --> ftp.web-ster.com /ci.canby.or.us/Transit web site/_derived up_cmp_blends110_hbtn.gif
102.01.02 16:19 B X:\Shared\Web Pages\Transit web site\_derived\up_cmp_blends110_hbtn_a.gif --> ftp.web-ster.com /ci.canby.or.us/Transit web site/_derived up_cmp_blends110_hbtn_a.gif
102.01.02 16:19 B X:\Shared\Web Pages\Transit web site\_derived\up_cmp_blends110_vbtn.gif --> ftp.web-ster.com /ci.canby.or.us/Transit web site/_derived up_cmp_blends110_vbtn.gif
102.01.02 16:19 B X:\Shared\Web Pages\Transit web site\_derived\up_cmp_blends110_vbtn_a.gif --> ftp.web-ster.com /ci.canby.or.us/Transit web site/_derived up_cmp_blends110_vbtn_a.gif
102.01.02 16:19 B X:\Shared\Web Pages\Transit web site\_derived\WS_FTP.LOG --> ftp.web-ster.com /ci.canby.or.us/Transit web site/_derived WS_FTP.LOG
102.01.21 10:45 B g:\pworks\web pages\ci.canby.or.us\transportation\_derived\advisory.htm_cmp_blends010_hbtn.gif --> ftp.web-ster.com /ci.canby.or.us/transportation/_derived advisory.htm_cmp_blends010_hbtn.gif
102.01.21 10:45 B g:\pworks\web pages\ci.canby.or.us\transportation\_derived\advisory.htm_cmp_blends010_hbtn_a.gif --> ftp.web-ster.com /ci.canby.or.us/transportation/_derived advisory.htm_cmp_blends010_hbtn_a.gif
102.01.21 10:45 B g:\pworks\web pages\ci.canby.or.us\transportation\_derived\advisory.htm_cmp_copy-of-blends-vivid010_bnr.gif --> ftp.web-ster.com /ci.canby.or.us/transportation/_derived advisory.htm_cmp_copy-of-blends-vivid010_bnr.gif
102.01.21 10:45 B g:\pworks\web pages\ci.canby.or.us\transportation\_derived\advisory.htm_cmp_copy-of-blends-vivid010_hbtn.gif --> ftp.web-ster.com /ci.canby.or.us/transportation/_derived advisory.htm_cmp_copy-of-blends-vivid010_hbtn.gif
102.01.21 10:45 B g:\pworks\web pages\ci.canby.or.us\transportation\_derived\advisory.htm_cmp_copy-of-blends-vivid010_hbtn_a.gif --> ftp.web-ster.com /ci.canby.or.us/transportation/_derived advisory.htm_cmp_copy-of-blends-vivid010_hbtn_a.gif
102.01.21 10:45 B g:\pworks\web pages\ci.canby.or.us\transportation\_derived\advisory.htm_cmp_copy-of-blends-vivid010_hbtn_p.gif --> ftp.web-ster.com /ci.canby.or.us/transportation/_derived advisory.htm_cmp_copy-of-blends-vivid010_hbtn_p.gif
102.01.21 10:45 B g:\pworks\web pages\ci.canby.or.us\transportation\_derived\advisory.htm_cmp_copy-of-blends-vivid110_hbtn.gif --> ftp.web-ster.com /ci.canby.or.us/transportation/_derived advisory.htm_cmp_copy-of-blends-vivid110_hbtn.gif
102.01.21 10:45 B g:\pworks\web pages\ci.canby.or.us\transportation\_derived\advisory.htm_cmp_copy-of-blends-vivid110_hbtn_a.gif --> ftp.web-ster.com /ci.canby.or.us/transportation/_derived advisory.htm_cmp_copy-of-blends-vivid110_hbtn_a.gif
102.01.21 10:45 B g:\pworks\web pages\ci.canby.or.us\transportation\_derived\Employment.htm_cmp_blends010_hbtn.gif --> ftp.web-ster.com /ci.canby.or.us/transportation/_derived Employment.htm_cmp_blends010_hbtn.gif
102.01.21 10:45 B g:\pworks\web pages\ci.canby.or.us\transportation\_derived\Employment.htm_cmp_blends010_hbtn_a.gif --> ftp.web-ster.com /ci.canby.or.us/transportation/_derived Employment.htm_cmp_blends010_hbtn_a.gif
102.01.21 10:45 B g:\pworks\web pages\ci.canby.or.us\transportation\_derived\Employment.htm_cmp_copy-of-blends-vivid010_bnr.gif --> ftp.web-ster.com /ci.canby.or.us/transportation/_derived Employment.htm_cmp_copy-of-blends-vivid010_bnr.gif
102.01.21 10:45 B g:\pworks\web pages\ci.canby.or.us\transportation\_derived\Employment.htm_cmp_copy-of-blends-vivid010_hbtn.gif --> ftp.web-ster.com /ci.canby.or.us/transportation/_derived Employment.htm_cmp_copy-of-blends-vivid010_hbtn.gif
102.01.21 10:45 B g:\pworks\web pages\ci.canby.or.us\transportation\_derived\Employment.htm_cmp_copy-of-blends-vivid010_hbtn_a.gif --> ftp.web-ster.com /ci.canby.or.us/transportation/_derived Employment.htm_cmp_copy-of-blends-vivid010_hbtn_a.gif
102.01.21 10:45 B g:\pworks\web pages\ci.canby.or.us\transportation\_derived\Employment.htm_cmp_copy-of-blends-vivid010_hbtn_p.gif --> ftp.web-ster.com /ci.canby.or.us/transportation/_derived Employment.htm_cmp_copy-of-blends-vivid010_hbtn_p.gif
102.01.21 10:45 B g:\pworks\web pages\ci.canby.or.us\transportation\_derived\Employment.htm_cmp_copy-of-blends-vivid110_hbtn.gif --> ftp.web-ster.com /ci.canby.or.us/transportation/_derived Employment.htm_cmp_copy-of-blends-vivid110_hbtn.gif
102.01.21 10:45 B g:\pworks\web pages\ci.canby.or.us\transportation\_derived\Employment.htm_cmp_copy-of-blends-vivid110_hbtn_a.gif --> ftp.web-ster.com /ci.canby.or.us/transportation/_derived Employment.htm_cmp_copy-of-blends-vivid110_hbtn_a.gif
102.01.21 10:45 B g:\pworks\web pages\ci.canby.or.us\transportation\_derived\ext1020_cmp_blends010_hbtn_p.gif --> ftp.web-ster.com /ci.canby.or.us/transportation/_derived ext1020_cmp_blends010_hbtn_p.gif
102.01.21 10:45 B g:\pworks\web pages\ci.canby.or.us\transportation\_derived\FAQ.htm_cmp_blends010_hbtn.gif --> ftp.web-ster.com /ci.canby.or.us/transportation/_derived FAQ.htm_cmp_blends010_hbtn.gif
102.01.21 10:45 B g:\pworks\web pages\ci.canby.or.us\transportation\_derived\FAQ.htm_cmp_blends010_hbtn_a.gif --> ftp.web-ster.com /ci.canby.or.us/transportation/_derived FAQ.htm_cmp_blends010_hbtn_a.gif
102.01.21 10:45 B g:\pworks\web pages\ci.canby.or.us\transportation\_derived\FAQ.htm_cmp_copy-of-blends-vivid010_bnr.gif --> ftp.web-ster.com /ci.canby.or.us/transportation/_derived FAQ.htm_cmp_copy-of-blends-vivid010_bnr.gif
102.01.21 10:45 B g:\pworks\web pages\ci.canby.or.us\transportation\_derived\FAQ.htm_cmp_copy-of-blends-vivid010_hbtn.gif --> ftp.web-ster.com /ci.canby.or.us/transportation/_derived FAQ.htm_cmp_copy-of-blends-vivid010_hbtn.gif
102.01.21 10:45 B g:\pworks\web pages\ci.canby.or.us\transportation\_derived\FAQ.htm_cmp_copy-of-blends-vivid010_hbtn_a.gif --> ftp.web-ster.com /ci.canby.or.us/transportation/_derived FAQ.htm_cmp_copy-of-blends-vivid010_hbtn_a.gif
102.01.21 10:45 B g:\pworks\web pages\ci.canby.or.us\transportation\_derived\FAQ.htm_cmp_copy-of-blends-vivid010_hbtn_p.gif --> ftp.web-ster.com /ci.canby.or.us/transportation/_derived FAQ.htm_cmp_copy-of-blends-vivid010_hbtn_p.gif
102.01.21 10:45 B g:\pworks\web pages\ci.canby.or.us\transportation\_derived\FAQ.htm_cmp_copy-of-blends-vivid110_hbtn.gif --> ftp.web-ster.com /ci.canby.or.us/transportation/_derived FAQ.htm_cmp_copy-of-blends-vivid110_hbtn.gif
102.01.21 10:45 B g:\pworks\web pages\ci.canby.or.us\transportation\_derived\FAQ.htm_cmp_copy-of-blends-vivid110_hbtn_a.gif --> ftp.web-ster.com /ci.canby.or.us/transportation/_derived FAQ.htm_cmp_copy-of-blends-vivid110_hbtn_a.gif
102.01.21 10:45 B g:\pworks\web pages\ci.canby.or.us\transportation\_derived\Home page.htm_cmp_blends010_bnr.gif --> ftp.web-ster.com /ci.canby.or.us/transportation/_derived Home page.htm_cmp_blends010_bnr.gif
102.01.21 10:45 B g:\pworks\web pages\ci.canby.or.us\transportation\_derived\Home page.htm_cmp_copy-of-blends-vivid110_bnr.gif --> ftp.web-ster.com /ci.canby.or.us/transportation/_derived Home page.htm_cmp_copy-of-blends-vivid110_bnr.gif
102.01.21 10:45 B g:\pworks\web pages\ci.canby.or.us\transportation\_derived\routes.htm_cmp_blends010_hbtn.gif --> ftp.web-ster.com /ci.canby.or.us/transportation/_derived routes.htm_cmp_blends010_hbtn.gif
102.01.21 10:45 B g:\pworks\web pages\ci.canby.or.us\transportation\_derived\routes.htm_cmp_blends010_hbtn_a.gif --> ftp.web-ster.com /ci.canby.or.us/transportation/_derived routes.htm_cmp_blends010_hbtn_a.gif
102.01.21 10:45 B g:\pworks\web pages\ci.canby.or.us\transportation\_derived\routes.htm_cmp_copy-of-blends-vivid010_bnr.gif --> ftp.web-ster.com /ci.canby.or.us/transportation/_derived routes.htm_cmp_copy-of-blends-vivid010_bnr.gif
102.01.21 10:45 B g:\pworks\web pages\ci.canby.or.us\transportation\_derived\routes.htm_cmp_copy-of-blends-vivid010_hbtn.gif --> ftp.web-ster.com /ci.canby.or.us/transportation/_derived routes.htm_cmp_copy-of-blends-vivid010_hbtn.gif
102.01.21 10:45 B g:\pworks\web pages\ci.canby.or.us\transportation\_derived\routes.htm_cmp_copy-of-blends-vivid010_hbtn_a.gif --> ftp.web-ster.com /ci.canby.or.us/transportation/_derived routes.htm_cmp_copy-of-blends-vivid010_hbtn_a.gif
102.01.21 10:45 B g:\pworks\web pages\ci.canby.or.us\transportation\_derived\routes.htm_cmp_copy-of-blends-vivid010_hbtn_p.gif --> ftp.web-ster.com /ci.canby.or.us/transportation/_derived routes.htm_cmp_copy-of-blends-vivid010_hbtn_p.gif
102.01.21 10:45 B g:\pworks\web pages\ci.canby.or.us\transportation\_derived\routes.htm_cmp_copy-of-blends-vivid110_hbtn.gif --> ftp.web-ster.com /ci.canby.or.us/transportation/_derived routes.htm_cmp_copy-of-blends-vivid110_hbtn.gif
102.01.21 10:45 B g:\pworks\web pages\ci.canby.or.us\transportation\_derived\routes.htm_cmp_copy-of-blends-vivid110_hbtn_a.gif --> ftp.web-ster.com /ci.canby.or.us/transportation/_derived routes.htm_cmp_copy-of-blends-vivid110_hbtn_a.gif
102.01.21 10:45 B g:\pworks\web pages\ci.canby.or.us\transportation\_derived\schedule.htm_cmp_blends010_hbtn.gif --> ftp.web-ster.com /ci.canby.or.us/transportation/_derived schedule.htm_cmp_blends010_hbtn.gif
102.01.21 10:45 B g:\pworks\web pages\ci.canby.or.us\transportation\_derived\schedule.htm_cmp_blends010_hbtn_a.gif --> ftp.web-ster.com /ci.canby.or.us/transportation/_derived schedule.htm_cmp_blends010_hbtn_a.gif
102.01.21 10:45 B g:\pworks\web pages\ci.canby.or.us\transportation\_derived\schedule.htm_cmp_copy-of-blends-vivid010_bnr.gif --> ftp.web-ster.com /ci.canby.or.us/transportation/_derived schedule.htm_cmp_copy-of-blends-vivid010_bnr.gif
102.01.21 10:45 B g:\pworks\web pages\ci.canby.or.us\transportation\_derived\schedule.htm_cmp_copy-of-blends-vivid010_hbtn.gif --> ftp.web-ster.com /ci.canby.or.us/transportation/_derived schedule.htm_cmp_copy-of-blends-vivid010_hbtn.gif
102.01.21 10:45 B g:\pworks\web pages\ci.canby.or.us\transportation\_derived\schedule.htm_cmp_copy-of-blends-vivid010_hbtn_a.gif --> ftp.web-ster.com /ci.canby.or.us/transportation/_derived schedule.htm_cmp_copy-of-blends-vivid010_hbtn_a.gif
102.01.21 10:45 B g:\pworks\web pages\ci.canby.or.us\transportation\_derived\schedule.htm_cmp_copy-of-blends-vivid010_hbtn_p.gif --> ftp.web-ster.com /ci.canby.or.us/transportation/_derived schedule.htm_cmp_copy-of-blends-vivid010_hbtn_p.gif
102.01.21 10:45 B g:\pworks\web pages\ci.canby.or.us\transportation\_derived\schedule.htm_cmp_copy-of-blends-vivid110_hbtn.gif --> ftp.web-ster.com /ci.canby.or.us/transportation/_derived schedule.htm_cmp_copy-of-blends-vivid110_hbtn.gif
102.01.21 10:45 B g:\pworks\web pages\ci.canby.or.us\transportation\_derived\schedule.htm_cmp_copy-of-blends-vivid110_hbtn_a.gif --> ftp.web-ster.com /ci.canby.or.us/transportation/_derived schedule.htm_cmp_copy-of-blends-vivid110_hbtn_a.gif
102.01.21 10:45 B g:\pworks\web pages\ci.canby.or.us\transportation\_derived\Tax.htm_cmp_blends010_hbtn.gif --> ftp.web-ster.com /ci.canby.or.us/transportation/_derived Tax.htm_cmp_blends010_hbtn.gif
102.01.21 10:45 B g:\pworks\web pages\ci.canby.or.us\transportation\_derived\Tax.htm_cmp_blends010_hbtn_a.gif --> ftp.web-ster.com /ci.canby.or.us/transportation/_derived Tax.htm_cmp_blends010_hbtn_a.gif
102.01.21 10:45 B g:\pworks\web pages\ci.canby.or.us\transportation\_derived\Tax.htm_cmp_copy-of-blends-vivid010_bnr.gif --> ftp.web-ster.com /ci.canby.or.us/transportation/_derived Tax.htm_cmp_copy-of-blends-vivid010_bnr.gif
102.01.21 10:45 B g:\pworks\web pages\ci.canby.or.us\transportation\_derived\Tax.htm_cmp_copy-of-blends-vivid010_hbtn.gif --> ftp.web-ster.com /ci.canby.or.us/transportation/_derived Tax.htm_cmp_copy-of-blends-vivid010_hbtn.gif
102.01.21 10:45 B g:\pworks\web pages\ci.canby.or.us\transportation\_derived\Tax.htm_cmp_copy-of-blends-vivid010_hbtn_a.gif --> ftp.web-ster.com /ci.canby.or.us/transportation/_derived Tax.htm_cmp_copy-of-blends-vivid010_hbtn_a.gif
102.01.21 10:45 B g:\pworks\web pages\ci.canby.or.us\transportation\_derived\Tax.htm_cmp_copy-of-blends-vivid010_hbtn_p.gif --> ftp.web-ster.com /ci.canby.or.us/transportation/_derived Tax.htm_cmp_copy-of-blends-vivid010_hbtn_p.gif
102.01.21 10:45 B g:\pworks\web pages\ci.canby.or.us\transportation\_derived\Tax.htm_cmp_copy-of-blends-vivid110_hbtn.gif --> ftp.web-ster.com /ci.canby.or.us/transportation/_derived Tax.htm_cmp_copy-of-blends-vivid110_hbtn.gif
102.01.21 10:45 B g:\pworks\web pages\ci.canby.or.us\transportation\_derived\Tax.htm_cmp_copy-of-blends-vivid110_hbtn_a.gif --> ftp.web-ster.com /ci.canby.or.us/transportation/_derived Tax.htm_cmp_copy-of-blends-vivid110_hbtn_a.gif
102.01.21 10:45 B g:\pworks\web pages\ci.canby.or.us\transportation\_derived\up_cmp_copy-of-blends-vivid010_hbtn.gif --> ftp.web-ster.com /ci.canby.or.us/transportation/_derived up_cmp_copy-of-blends-vivid010_hbtn.gif
102.01.21 10:45 B g:\pworks\web pages\ci.canby.or.us\transportation\_derived\up_cmp_copy-of-blends-vivid010_hbtn_a.gif --> ftp.web-ster.com /ci.canby.or.us/transportation/_derived up_cmp_copy-of-blends-vivid010_hbtn_a.gif
102.04.12 11:55 B W:\ci.canby.or.us\transportation\_derived\WS_FTP.LOG <-- Webster Internet /ci.canby.or.us/transportation/_derived WS_FTP.LOG
102.04.24 16:11 B W:\ci.canby.or.us\transportation\_derived\Employment.htm_cmp_blends010_hbtn.gif --> ftp.web-ster.com /ci.canby.or.us/transportation/_derived Employment.htm_cmp_blends010_hbtn.gif
102.04.24 16:11 B W:\ci.canby.or.us\transportation\_derived\Employment.htm_cmp_blends010_hbtn_a.gif --> ftp.web-ster.com /ci.canby.or.us/transportation/_derived Employment.htm_cmp_blends010_hbtn_a.gif
102.04.24 16:11 B W:\ci.canby.or.us\transportation\_derived\Employment.htm_cmp_copy-of-blends-vivid010_bnr.gif --> ftp.web-ster.com /ci.canby.or.us/transportation/_derived Employment.htm_cmp_copy-of-blends-vivid010_bnr.gif
102.04.24 16:11 B W:\ci.canby.or.us\transportation\_derived\Employment.htm_cmp_copy-of-blends-vivid010_hbtn.gif --> ftp.web-ster.com /ci.canby.or.us/transportation/_derived Employment.htm_cmp_copy-of-blends-vivid010_hbtn.gif
102.04.24 16:11 B W:\ci.canby.or.us\transportation\_derived\Employment.htm_cmp_copy-of-blends-vivid010_hbtn_a.gif --> ftp.web-ster.com /ci.canby.or.us/transportation/_derived Employment.htm_cmp_copy-of-blends-vivid010_hbtn_a.gif
102.04.24 16:11 B W:\ci.canby.or.us\transportation\_derived\Employment.htm_cmp_copy-of-blends-vivid010_hbtn_p.gif --> ftp.web-ster.com /ci.canby.or.us/transportation/_derived Employment.htm_cmp_copy-of-blends-vivid010_hbtn_p.gif
102.04.24 16:11 B W:\ci.canby.or.us\transportation\_derived\Employment.htm_cmp_copy-of-blends-vivid110_hbtn.gif --> ftp.web-ster.com /ci.canby.or.us/transportation/_derived Employment.htm_cmp_copy-of-blends-vivid110_hbtn.gif
102.04.24 16:11 B W:\ci.canby.or.us\transportation\_derived\Employment.htm_cmp_copy-of-blends-vivid110_hbtn_a.gif --> ftp.web-ster.com /ci.canby.or.us/transportation/_derived Employment.htm_cmp_copy-of-blends-vivid110_hbtn_a.gif
102.04.24 16:11 B W:\ci.canby.or.us\transportation\_derived\ext1020_cmp_blends010_hbtn_p.gif --> ftp.web-ster.com /ci.canby.or.us/transportation/_derived ext1020_cmp_blends010_hbtn_p.gif
102.04.24 16:11 B W:\ci.canby.or.us\transportation\_derived\FAQ.htm_cmp_blends010_hbtn.gif --> ftp.web-ster.com /ci.canby.or.us/transportation/_derived FAQ.htm_cmp_blends010_hbtn.gif
102.04.24 16:11 B W:\ci.canby.or.us\transportation\_derived\FAQ.htm_cmp_blends010_hbtn_a.gif --> ftp.web-ster.com /ci.canby.or.us/transportation/_derived FAQ.htm_cmp_blends010_hbtn_a.gif
102.04.24 16:11 B W:\ci.canby.or.us\transportation\_derived\FAQ.htm_cmp_copy-of-blends-vivid010_bnr.gif --> ftp.web-ster.com /ci.canby.or.us/transportation/_derived FAQ.htm_cmp_copy-of-blends-vivid010_bnr.gif
102.04.24 16:11 B W:\ci.canby.or.us\transportation\_derived\FAQ.htm_cmp_copy-of-blends-vivid010_hbtn.gif --> ftp.web-ster.com /ci.canby.or.us/transportation/_derived FAQ.htm_cmp_copy-of-blends-vivid010_hbtn.gif
102.04.24 16:11 B W:\ci.canby.or.us\transportation\_derived\FAQ.htm_cmp_copy-of-blends-vivid010_hbtn_a.gif --> ftp.web-ster.com /ci.canby.or.us/transportation/_derived FAQ.htm_cmp_copy-of-blends-vivid010_hbtn_a.gif
102.04.24 16:11 B W:\ci.canby.or.us\transportation\_derived\FAQ.htm_cmp_copy-of-blends-vivid010_hbtn_p.gif --> ftp.web-ster.com /ci.canby.or.us/transportation/_derived FAQ.htm_cmp_copy-of-blends-vivid010_hbtn_p.gif
102.04.24 16:11 B W:\ci.canby.or.us\transportation\_derived\FAQ.htm_cmp_copy-of-blends-vivid110_hbtn.gif --> ftp.web-ster.com /ci.canby.or.us/transportation/_derived FAQ.htm_cmp_copy-of-blends-vivid110_hbtn.gif
102.04.24 16:11 B W:\ci.canby.or.us\transportation\_derived\FAQ.htm_cmp_copy-of-blends-vivid110_hbtn_a.gif --> ftp.web-ster.com /ci.canby.or.us/transportation/_derived FAQ.htm_cmp_copy-of-blends-vivid110_hbtn_a.gif
102.04.24 16:11 B W:\ci.canby.or.us\transportation\_derived\routes.htm_cmp_blends010_hbtn.gif --> ftp.web-ster.com /ci.canby.or.us/transportation/_derived routes.htm_cmp_blends010_hbtn.gif
102.04.24 16:11 B W:\ci.canby.or.us\transportation\_derived\routes.htm_cmp_blends010_hbtn_a.gif --> ftp.web-ster.com /ci.canby.or.us/transportation/_derived routes.htm_cmp_blends010_hbtn_a.gif
102.04.24 16:11 B W:\ci.canby.or.us\transportation\_derived\routes.htm_cmp_copy-of-blends-vivid010_bnr.gif --> ftp.web-ster.com /ci.canby.or.us/transportation/_derived routes.htm_cmp_copy-of-blends-vivid010_bnr.gif
102.04.24 16:11 B W:\ci.canby.or.us\transportation\_derived\routes.htm_cmp_copy-of-blends-vivid010_hbtn.gif --> ftp.web-ster.com /ci.canby.or.us/transportation/_derived routes.htm_cmp_copy-of-blends-vivid010_hbtn.gif
102.04.24 16:11 B W:\ci.canby.or.us\transportation\_derived\routes.htm_cmp_copy-of-blends-vivid010_hbtn_a.gif --> ftp.web-ster.com /ci.canby.or.us/transportation/_derived routes.htm_cmp_copy-of-blends-vivid010_hbtn_a.gif
102.04.24 16:11 B W:\ci.canby.or.us\transportation\_derived\routes.htm_cmp_copy-of-blends-vivid010_hbtn_p.gif --> ftp.web-ster.com /ci.canby.or.us/transportation/_derived routes.htm_cmp_copy-of-blends-vivid010_hbtn_p.gif
102.04.24 16:11 B W:\ci.canby.or.us\transportation\_derived\routes.htm_cmp_copy-of-blends-vivid110_hbtn.gif --> ftp.web-ster.com /ci.canby.or.us/transportation/_derived routes.htm_cmp_copy-of-blends-vivid110_hbtn.gif
102.04.24 16:11 B W:\ci.canby.or.us\transportation\_derived\routes.htm_cmp_copy-of-blends-vivid110_hbtn_a.gif --> ftp.web-ster.com /ci.canby.or.us/transportation/_derived routes.htm_cmp_copy-of-blends-vivid110_hbtn_a.gif
102.04.24 16:11 B W:\ci.canby.or.us\transportation\_derived\schedule.htm_cmp_blends010_hbtn.gif --> ftp.web-ster.com /ci.canby.or.us/transportation/_derived schedule.htm_cmp_blends010_hbtn.gif
102.04.24 16:11 B W:\ci.canby.or.us\transportation\_derived\schedule.htm_cmp_blends010_hbtn_a.gif --> ftp.web-ster.com /ci.canby.or.us/transportation/_derived schedule.htm_cmp_blends010_hbtn_a.gif
102.04.24 16:11 B W:\ci.canby.or.us\transportation\_derived\schedule.htm_cmp_copy-of-blends-vivid010_bnr.gif --> ftp.web-ster.com /ci.canby.or.us/transportation/_derived schedule.htm_cmp_copy-of-blends-vivid010_bnr.gif
102.04.24 16:11 B W:\ci.canby.or.us\transportation\_derived\schedule.htm_cmp_copy-of-blends-vivid010_hbtn.gif --> ftp.web-ster.com /ci.canby.or.us/transportation/_derived schedule.htm_cmp_copy-of-blends-vivid010_hbtn.gif
102.04.24 16:11 B W:\ci.canby.or.us\transportation\_derived\schedule.htm_cmp_copy-of-blends-vivid010_hbtn_a.gif --> ftp.web-ster.com /ci.canby.or.us/transportation/_derived schedule.htm_cmp_copy-of-blends-vivid010_hbtn_a.gif
102.04.24 16:11 B W:\ci.canby.or.us\transportation\_derived\schedule.htm_cmp_copy-of-blends-vivid010_hbtn_p.gif --> ftp.web-ster.com /ci.canby.or.us/transportation/_derived schedule.htm_cmp_copy-of-blends-vivid010_hbtn_p.gif
102.04.24 16:11 B W:\ci.canby.or.us\transportation\_derived\schedule.htm_cmp_copy-of-blends-vivid110_hbtn.gif --> ftp.web-ster.com /ci.canby.or.us/transportation/_derived schedule.htm_cmp_copy-of-blends-vivid110_hbtn.gif
102.04.24 16:11 B W:\ci.canby.or.us\transportation\_derived\schedule.htm_cmp_copy-of-blends-vivid110_hbtn_a.gif --> ftp.web-ster.com /ci.canby.or.us/transportation/_derived schedule.htm_cmp_copy-of-blends-vivid110_hbtn_a.gif
102.04.24 16:11 B W:\ci.canby.or.us\transportation\_derived\Tax.htm_cmp_blends010_hbtn.gif --> ftp.web-ster.com /ci.canby.or.us/transportation/_derived Tax.htm_cmp_blends010_hbtn.gif
102.04.24 16:11 B W:\ci.canby.or.us\transportation\_derived\Tax.htm_cmp_blends010_hbtn_a.gif --> ftp.web-ster.com /ci.canby.or.us/transportation/_derived Tax.htm_cmp_blends010_hbtn_a.gif
102.04.24 16:11 B W:\ci.canby.or.us\transportation\_derived\Tax.htm_cmp_copy-of-blends-vivid010_bnr.gif --> ftp.web-ster.com /ci.canby.or.us/transportation/_derived Tax.htm_cmp_copy-of-blends-vivid010_bnr.gif
102.04.24 16:11 B W:\ci.canby.or.us\transportation\_derived\Tax.htm_cmp_copy-of-blends-vivid010_hbtn.gif --> ftp.web-ster.com /ci.canby.or.us/transportation/_derived Tax.htm_cmp_copy-of-blends-vivid010_hbtn.gif
102.04.24 16:11 B W:\ci.canby.or.us\transportation\_derived\Tax.htm_cmp_copy-of-blends-vivid010_hbtn_a.gif --> ftp.web-ster.com /ci.canby.or.us/transportation/_derived Tax.htm_cmp_copy-of-blends-vivid010_hbtn_a.gif
102.04.24 16:11 B W:\ci.canby.or.us\transportation\_derived\Tax.htm_cmp_copy-of-blends-vivid010_hbtn_p.gif --> ftp.web-ster.com /ci.canby.or.us/transportation/_derived Tax.htm_cmp_copy-of-blends-vivid010_hbtn_p.gif
102.04.24 16:11 B W:\ci.canby.or.us\transportation\_derived\Tax.htm_cmp_copy-of-blends-vivid110_hbtn.gif --> ftp.web-ster.com /ci.canby.or.us/transportation/_derived Tax.htm_cmp_copy-of-blends-vivid110_hbtn.gif
102.04.24 16:11 B W:\ci.canby.or.us\transportation\_derived\Tax.htm_cmp_copy-of-blends-vivid110_hbtn_a.gif --> ftp.web-ster.com /ci.canby.or.us/transportation/_derived Tax.htm_cmp_copy-of-blends-vivid110_hbtn_a.gif
102.04.24 16:11 B W:\ci.canby.or.us\transportation\_derived\up_cmp_copy-of-blends-vivid010_hbtn.gif --> ftp.web-ster.com /ci.canby.or.us/transportation/_derived up_cmp_copy-of-blends-vivid010_hbtn.gif
102.04.24 16:11 B W:\ci.canby.or.us\transportation\_derived\up_cmp_copy-of-blends-vivid010_hbtn_a.gif --> ftp.web-ster.com /ci.canby.or.us/transportation/_derived up_cmp_copy-of-blends-vivid010_hbtn_a.gif
102.04.24 16:11 B W:\ci.canby.or.us\transportation\_derived\WS_FTP.LOG --> ftp.web-ster.com /ci.canby.or.us/transportation/_derived WS_FTP.LOG
102.04.25 09:35 B W:\ci.canby.or.us\transportation\_derived\Employment.htm_cmp_copy-of-blends-vivid010_bnr.gif --> ftp.web-ster.com /ci.canby.or.us/transportation/_derived Employment.htm_cmp_copy-of-blends-vivid010_bnr.gif
102.04.25 09:35 B W:\ci.canby.or.us\transportation\_derived\Employment.htm_cmp_copy-of-blends-vivid010_hbtn.gif --> ftp.web-ster.com /ci.canby.or.us/transportation/_derived Employment.htm_cmp_copy-of-blends-vivid010_hbtn.gif
102.04.25 09:35 B W:\ci.canby.or.us\transportation\_derived\Employment.htm_cmp_copy-of-blends-vivid010_hbtn_a.gif --> ftp.web-ster.com /ci.canby.or.us/transportation/_derived Employment.htm_cmp_copy-of-blends-vivid010_hbtn_a.gif
102.04.25 09:35 B W:\ci.canby.or.us\transportation\_derived\Employment.htm_cmp_copy-of-blends-vivid010_hbtn_p.gif --> ftp.web-ster.com /ci.canby.or.us/transportation/_derived Employment.htm_cmp_copy-of-blends-vivid010_hbtn_p.gif
102.04.25 09:35 B W:\ci.canby.or.us\transportation\_derived\Employment.htm_cmp_copy-of-blends-vivid110_hbtn.gif --> ftp.web-ster.com /ci.canby.or.us/transportation/_derived Employment.htm_cmp_copy-of-blends-vivid110_hbtn.gif
102.04.25 09:35 B W:\ci.canby.or.us\transportation\_derived\Employment.htm_cmp_copy-of-blends-vivid110_hbtn_a.gif --> ftp.web-ster.com /ci.canby.or.us/transportation/_derived Employment.htm_cmp_copy-of-blends-vivid110_hbtn_a.gif
102.04.25 09:35 B W:\ci.canby.or.us\transportation\_derived\FAQ.htm_cmp_copy-of-blends-vivid010_bnr.gif --> ftp.web-ster.com /ci.canby.or.us/transportation/_derived FAQ.htm_cmp_copy-of-blends-vivid010_bnr.gif
102.04.25 09:35 B W:\ci.canby.or.us\transportation\_derived\FAQ.htm_cmp_copy-of-blends-vivid010_hbtn.gif --> ftp.web-ster.com /ci.canby.or.us/transportation/_derived FAQ.htm_cmp_copy-of-blends-vivid010_hbtn.gif
102.04.25 09:35 B W:\ci.canby.or.us\transportation\_derived\FAQ.htm_cmp_copy-of-blends-vivid010_hbtn_a.gif --> ftp.web-ster.com /ci.canby.or.us/transportation/_derived FAQ.htm_cmp_copy-of-blends-vivid010_hbtn_a.gif
102.04.25 09:35 B W:\ci.canby.or.us\transportation\_derived\FAQ.htm_cmp_copy-of-blends-vivid010_hbtn_p.gif --> ftp.web-ster.com /ci.canby.or.us/transportation/_derived FAQ.htm_cmp_copy-of-blends-vivid010_hbtn_p.gif
102.04.25 09:35 B W:\ci.canby.or.us\transportation\_derived\FAQ.htm_cmp_copy-of-blends-vivid110_hbtn.gif --> ftp.web-ster.com /ci.canby.or.us/transportation/_derived FAQ.htm_cmp_copy-of-blends-vivid110_hbtn.gif
102.04.25 09:35 B W:\ci.canby.or.us\transportation\_derived\FAQ.htm_cmp_copy-of-blends-vivid110_hbtn_a.gif --> ftp.web-ster.com /ci.canby.or.us/transportation/_derived FAQ.htm_cmp_copy-of-blends-vivid110_hbtn_a.gif
102.04.25 09:35 B W:\ci.canby.or.us\transportation\_derived\routes.htm_cmp_copy-of-blends-vivid010_bnr.gif --> ftp.web-ster.com /ci.canby.or.us/transportation/_derived routes.htm_cmp_copy-of-blends-vivid010_bnr.gif
102.04.25 09:35 B W:\ci.canby.or.us\transportation\_derived\routes.htm_cmp_copy-of-blends-vivid010_hbtn.gif --> ftp.web-ster.com /ci.canby.or.us/transportation/_derived routes.htm_cmp_copy-of-blends-vivid010_hbtn.gif
102.04.25 09:35 B W:\ci.canby.or.us\transportation\_derived\routes.htm_cmp_copy-of-blends-vivid010_hbtn_a.gif --> ftp.web-ster.com /ci.canby.or.us/transportation/_derived routes.htm_cmp_copy-of-blends-vivid010_hbtn_a.gif
102.04.25 09:35 B W:\ci.canby.or.us\transportation\_derived\routes.htm_cmp_copy-of-blends-vivid010_hbtn_p.gif --> ftp.web-ster.com /ci.canby.or.us/transportation/_derived routes.htm_cmp_copy-of-blends-vivid010_hbtn_p.gif
102.04.25 09:35 B W:\ci.canby.or.us\transportation\_derived\routes.htm_cmp_copy-of-blends-vivid110_hbtn.gif --> ftp.web-ster.com /ci.canby.or.us/transportation/_derived routes.htm_cmp_copy-of-blends-vivid110_hbtn.gif
102.04.25 09:35 B W:\ci.canby.or.us\transportation\_derived\routes.htm_cmp_copy-of-blends-vivid110_hbtn_a.gif --> ftp.web-ster.com /ci.canby.or.us/transportation/_derived routes.htm_cmp_copy-of-blends-vivid110_hbtn_a.gif
102.04.25 09:35 B W:\ci.canby.or.us\transportation\_derived\schedule.htm_cmp_copy-of-blends-vivid010_bnr.gif --> ftp.web-ster.com /ci.canby.or.us/transportation/_derived schedule.htm_cmp_copy-of-blends-vivid010_bnr.gif
102.04.25 09:35 B W:\ci.canby.or.us\transportation\_derived\schedule.htm_cmp_copy-of-blends-vivid010_hbtn.gif --> ftp.web-ster.com /ci.canby.or.us/transportation/_derived schedule.htm_cmp_copy-of-blends-vivid010_hbtn.gif
102.04.25 09:35 B W:\ci.canby.or.us\transportation\_derived\schedule.htm_cmp_copy-of-blends-vivid010_hbtn_a.gif --> ftp.web-ster.com /ci.canby.or.us/transportation/_derived schedule.htm_cmp_copy-of-blends-vivid010_hbtn_a.gif
102.04.25 09:35 B W:\ci.canby.or.us\transportation\_derived\schedule.htm_cmp_copy-of-blends-vivid010_hbtn_p.gif --> ftp.web-ster.com /ci.canby.or.us/transportation/_derived schedule.htm_cmp_copy-of-blends-vivid010_hbtn_p.gif
102.04.25 09:35 B W:\ci.canby.or.us\transportation\_derived\schedule.htm_cmp_copy-of-blends-vivid110_hbtn.gif --> ftp.web-ster.com /ci.canby.or.us/transportation/_derived schedule.htm_cmp_copy-of-blends-vivid110_hbtn.gif
102.04.25 09:35 B W:\ci.canby.or.us\transportation\_derived\schedule.htm_cmp_copy-of-blends-vivid110_hbtn_a.gif --> ftp.web-ster.com /ci.canby.or.us/transportation/_derived schedule.htm_cmp_copy-of-blends-vivid110_hbtn_a.gif
102.04.25 09:35 B W:\ci.canby.or.us\transportation\_derived\Tax.htm_cmp_copy-of-blends-vivid010_bnr.gif --> ftp.web-ster.com /ci.canby.or.us/transportation/_derived Tax.htm_cmp_copy-of-blends-vivid010_bnr.gif
102.04.25 09:35 B W:\ci.canby.or.us\transportation\_derived\Tax.htm_cmp_copy-of-blends-vivid010_hbtn.gif --> ftp.web-ster.com /ci.canby.or.us/transportation/_derived Tax.htm_cmp_copy-of-blends-vivid010_hbtn.gif
102.04.25 09:35 B W:\ci.canby.or.us\transportation\_derived\Tax.htm_cmp_copy-of-blends-vivid010_hbtn_a.gif --> ftp.web-ster.com /ci.canby.or.us/transportation/_derived Tax.htm_cmp_copy-of-blends-vivid010_hbtn_a.gif
102.04.25 09:35 B W:\ci.canby.or.us\transportation\_derived\Tax.htm_cmp_copy-of-blends-vivid010_hbtn_p.gif --> ftp.web-ster.com /ci.canby.or.us/transportation/_derived Tax.htm_cmp_copy-of-blends-vivid010_hbtn_p.gif
102.04.25 09:35 B W:\ci.canby.or.us\transportation\_derived\Tax.htm_cmp_copy-of-blends-vivid110_hbtn.gif --> ftp.web-ster.com /ci.canby.or.us/transportation/_derived Tax.htm_cmp_copy-of-blends-vivid110_hbtn.gif
102.04.25 09:35 B W:\ci.canby.or.us\transportation\_derived\Tax.htm_cmp_copy-of-blends-vivid110_hbtn_a.gif --> ftp.web-ster.com /ci.canby.or.us/transportation/_derived Tax.htm_cmp_copy-of-blends-vivid110_hbtn_a.gif
102.04.25 09:35 B W:\ci.canby.or.us\transportation\_derived\up_cmp_copy-of-blends-vivid010_hbtn.gif --> ftp.web-ster.com /ci.canby.or.us/transportation/_derived up_cmp_copy-of-blends-vivid010_hbtn.gif
102.04.25 09:35 B W:\ci.canby.or.us\transportation\_derived\up_cmp_copy-of-blends-vivid010_hbtn_a.gif --> ftp.web-ster.com /ci.canby.or.us/transportation/_derived up_cmp_copy-of-blends-vivid010_hbtn_a.gif
102.04.25 09:35 B W:\ci.canby.or.us\transportation\_derived\WS_FTP.LOG --> ftp.web-ster.com /ci.canby.or.us/transportation/_derived WS_FTP.LOG
